c:\users\c0097744\github\csc8599-graphics\csc8599\csc8599\x64\debug\vc142.pdb
c:\users\c0097744\github\csc8599-graphics\csc8599\csc8599\x64\debug\vc142.idb
c:\users\c0097744\github\csc8599-graphics\csc8599\csc8599\x64\debug\glad.obj
c:\users\c0097744\github\csc8599-graphics\csc8599\csc8599\x64\debug\pbrscenemanager.obj
c:\users\c0097744\github\csc8599-graphics\csc8599\csc8599\x64\debug\shader.obj
c:\users\c0097744\github\csc8599-graphics\csc8599\csc8599\x64\debug\main.obj
c:\users\c0097744\github\csc8599-graphics\csc8599\csc8599\x64\debug\mouse.obj
c:\users\c0097744\github\csc8599-graphics\csc8599\csc8599\x64\debug\keyboard.obj
c:\users\c0097744\github\csc8599-graphics\csc8599\csc8599\x64\debug\texture.obj
c:\users\c0097744\github\csc8599-graphics\csc8599\csc8599\x64\debug\model.obj
c:\users\c0097744\github\csc8599-graphics\csc8599\csc8599\x64\debug\mesh.obj
c:\users\c0097744\github\csc8599-graphics\csc8599\csc8599\x64\debug\material.obj
c:\users\c0097744\github\csc8599-graphics\csc8599\csc8599\x64\debug\light.obj
c:\users\c0097744\github\csc8599-graphics\csc8599\csc8599\x64\debug\camera.obj
c:\users\c0097744\github\csc8599-graphics\csc8599\csc8599\x64\debug\text.obj
c:\users\c0097744\github\csc8599-graphics\csc8599\csc8599\x64\debug\pbrmodel.obj
c:\users\c0097744\github\csc8599-graphics\csc8599\csc8599\x64\debug\cubemap.obj
c:\users\c0097744\github\csc8599-graphics\csc8599\csc8599\x64\debug\ray.obj
c:\users\c0097744\github\csc8599-graphics\csc8599\csc8599\x64\debug\octree.obj
c:\users\c0097744\github\csc8599-graphics\csc8599\csc8599\x64\debug\linalg.obj
c:\users\c0097744\github\csc8599-graphics\csc8599\csc8599\x64\debug\bounds.obj
c:\users\c0097744\github\csc8599-graphics\csc8599\csc8599\x64\debug\avl.obj
c:\users\c0097744\github\csc8599-graphics\csc8599\csc8599\x64\debug\stb.obj
c:\users\c0097744\github\csc8599-graphics\csc8599\csc8599\x64\debug\scene.obj
c:\users\c0097744\github\csc8599-graphics\csc8599\csc8599\x64\debug\rigidbody.obj
c:\users\c0097744\github\csc8599-graphics\csc8599\csc8599\x64\debug\environment.obj
c:\users\c0097744\github\csc8599-graphics\csc8599\csc8599\x64\debug\collisionmodel.obj
c:\users\c0097744\github\csc8599-graphics\csc8599\csc8599\x64\debug\collisionmesh.obj
c:\users\c0097744\github\csc8599-graphics\csc8599\csc8599\x64\debug\pbrcubemap.obj
c:\users\c0097744\github\csc8599-graphics\csc8599\csc8599\x64\debug\pbrscene.obj
c:\users\c0097744\github\csc8599-graphics\csc8599\csc8599\x64\debug\scenemanager.obj
c:\users\c0097744\github\csc8599-graphics\csc8599\x64\debug\csc8599.exe
c:\users\c0097744\github\csc8599-graphics\csc8599\csc8599\x64\debug\csc8599.ilk
c:\users\c0097744\github\csc8599-graphics\csc8599\x64\debug\csc8599.pdb
d:\cge\csc8599\project\csc8599-graphics\csc8599\csc8599\x64\debug\avl.obj
d:\cge\csc8599\project\csc8599-graphics\csc8599\csc8599\x64\debug\bounds.obj
d:\cge\csc8599\project\csc8599-graphics\csc8599\csc8599\x64\debug\camera.obj
d:\cge\csc8599\project\csc8599-graphics\csc8599\csc8599\x64\debug\collisionmesh.obj
d:\cge\csc8599\project\csc8599-graphics\csc8599\csc8599\x64\debug\collisionmodel.obj
d:\cge\csc8599\project\csc8599-graphics\csc8599\csc8599\x64\debug\cubemap.obj
d:\cge\csc8599\project\csc8599-graphics\csc8599\csc8599\x64\debug\environment.obj
d:\cge\csc8599\project\csc8599-graphics\csc8599\csc8599\x64\debug\glad.obj
d:\cge\csc8599\project\csc8599-graphics\csc8599\csc8599\x64\debug\keyboard.obj
d:\cge\csc8599\project\csc8599-graphics\csc8599\csc8599\x64\debug\light.obj
d:\cge\csc8599\project\csc8599-graphics\csc8599\csc8599\x64\debug\linalg.obj
d:\cge\csc8599\project\csc8599-graphics\csc8599\csc8599\x64\debug\main.obj
d:\cge\csc8599\project\csc8599-graphics\csc8599\csc8599\x64\debug\material.obj
d:\cge\csc8599\project\csc8599-graphics\csc8599\csc8599\x64\debug\mesh.obj
d:\cge\csc8599\project\csc8599-graphics\csc8599\csc8599\x64\debug\model.obj
d:\cge\csc8599\project\csc8599-graphics\csc8599\csc8599\x64\debug\mouse.obj
d:\cge\csc8599\project\csc8599-graphics\csc8599\csc8599\x64\debug\octree.obj
d:\cge\csc8599\project\csc8599-graphics\csc8599\csc8599\x64\debug\pbrcubemap.obj
d:\cge\csc8599\project\csc8599-graphics\csc8599\csc8599\x64\debug\pbrmodel.obj
d:\cge\csc8599\project\csc8599-graphics\csc8599\csc8599\x64\debug\pbrscene.obj
d:\cge\csc8599\project\csc8599-graphics\csc8599\csc8599\x64\debug\pbrscenemanager.obj
d:\cge\csc8599\project\csc8599-graphics\csc8599\csc8599\x64\debug\ray.obj
d:\cge\csc8599\project\csc8599-graphics\csc8599\csc8599\x64\debug\rigidbody.obj
d:\cge\csc8599\project\csc8599-graphics\csc8599\csc8599\x64\debug\scene.obj
d:\cge\csc8599\project\csc8599-graphics\csc8599\csc8599\x64\debug\scenemanager.obj
d:\cge\csc8599\project\csc8599-graphics\csc8599\csc8599\x64\debug\shader.obj
d:\cge\csc8599\project\csc8599-graphics\csc8599\csc8599\x64\debug\stb.obj
d:\cge\csc8599\project\csc8599-graphics\csc8599\csc8599\x64\debug\text.obj
d:\cge\csc8599\project\csc8599-graphics\csc8599\csc8599\x64\debug\texture.obj
d:\cge\csc8599\project\csc8599-graphics\csc8599\csc8599\x64\debug\csc8599.ilk
d:\cge\csc8599\project\csc8599-graphics\csc8599\csc8599\x64\debug\vc142.idb
d:\cge\csc8599\project\csc8599-graphics\csc8599\csc8599\x64\debug\vc142.pdb
d:\cge\csc8599\project\csc8599-graphics\csc8599\x64\debug\csc8599.pdb
d:\cge\csc8599\project\csc8599-graphics\csc8599\x64\debug\csc8599.exe
d:\cge\csc8599\project\csc8599-graphics\csc8599\csc8599\x64\debug\csc8599.tlog\cl.command.1.tlog
d:\cge\csc8599\project\csc8599-graphics\csc8599\csc8599\x64\debug\csc8599.tlog\cl.read.1.tlog
d:\cge\csc8599\project\csc8599-graphics\csc8599\csc8599\x64\debug\csc8599.tlog\cl.write.1.tlog
d:\cge\csc8599\project\csc8599-graphics\csc8599\csc8599\x64\debug\csc8599.tlog\link.command.1.tlog
d:\cge\csc8599\project\csc8599-graphics\csc8599\csc8599\x64\debug\csc8599.tlog\link.read.1.tlog
d:\cge\csc8599\project\csc8599-graphics\csc8599\csc8599\x64\debug\csc8599.tlog\link.write.1.tlog
