  Mesh.cpp
D:\CGE\CSC8599\Project\CSC8599-Graphics\CSC8599\CSC8599\src\graphics\buffer\VertexBuffer.hpp(160,1): warning C4312: 'type cast': conversion from 'GLint' to 'void *' of greater size
D:\CGE\CSC8599\Project\CSC8599-Graphics\CSC8599\CSC8599\src\graphics\models\Box.hpp(64,1): warning C4267: 'argument': conversion from 'size_t' to 'GLuint', possible loss of data
D:\CGE\CSC8599\Project\CSC8599-Graphics\CSC8599\CSC8599\src\graphics\models\Box.hpp(70,1): warning C4267: 'argument': conversion from 'size_t' to 'GLuint', possible loss of data
D:\CGE\CSC8599\Project\CSC8599-Graphics\CSC8599\CSC8599\src\graphics\models\Box.hpp(113,1): warning C4267: 'argument': conversion from 'size_t' to 'GLuint', possible loss of data
D:\CGE\CSC8599\Project\CSC8599-Graphics\CSC8599\CSC8599\src\graphics\Mesh.cpp(57,2): warning C4267: 'initializing': conversion from 'size_t' to 'unsigned int', possible loss of data
D:\CGE\CSC8599\Project\CSC8599-Graphics\CSC8599\CSC8599\src\graphics\Mesh.cpp(63,2): warning C4267: 'initializing': conversion from 'size_t' to 'unsigned int', possible loss of data
D:\CGE\CSC8599\Project\CSC8599-Graphics\CSC8599\CSC8599\src\graphics\Mesh.cpp(156,84): warning C4267: 'argument': conversion from 'size_t' to 'GLuint', possible loss of data
D:\CGE\CSC8599\Project\CSC8599-Graphics\CSC8599\CSC8599\src\graphics\Mesh.cpp(163,43): warning C4267: 'initializing': conversion from 'size_t' to 'unsigned int', possible loss of data
D:\CGE\CSC8599\Project\CSC8599-Graphics\CSC8599\CSC8599\src\graphics\Mesh.cpp(278,73): warning C4267: 'argument': conversion from 'size_t' to 'GLuint', possible loss of data
D:\CGE\CSC8599\Project\CSC8599-Graphics\CSC8599\CSC8599\src\graphics\Mesh.cpp(307,72): warning C4267: 'argument': conversion from 'size_t' to 'GLuint', possible loss of data
D:\CGE\CSC8599\Project\CSC8599-Graphics\CSC8599\CSC8599\src\graphics\Mesh.cpp(313,74): warning C4267: 'argument': conversion from 'size_t' to 'GLuint', possible loss of data
  Model.cpp
D:\CGE\CSC8599\Project\CSC8599-Graphics\CSC8599\CSC8599\src\graphics\buffer\VertexBuffer.hpp(160,1): warning C4312: 'type cast': conversion from 'GLint' to 'void *' of greater size
D:\CGE\CSC8599\Project\CSC8599-Graphics\CSC8599\CSC8599\src\graphics\models\Box.hpp(64,1): warning C4267: 'argument': conversion from 'size_t' to 'GLuint', possible loss of data
D:\CGE\CSC8599\Project\CSC8599-Graphics\CSC8599\CSC8599\src\graphics\models\Box.hpp(70,1): warning C4267: 'argument': conversion from 'size_t' to 'GLuint', possible loss of data
D:\CGE\CSC8599\Project\CSC8599-Graphics\CSC8599\CSC8599\src\graphics\models\Box.hpp(113,1): warning C4267: 'argument': conversion from 'size_t' to 'GLuint', possible loss of data
D:\CGE\CSC8599\Project\CSC8599-Graphics\CSC8599\Linking\include\jsoncpp\json.hpp(68,49): warning C4244: 'initializing': conversion from 'double' to 'float', possible loss of data
D:\CGE\CSC8599\Project\CSC8599-Graphics\CSC8599\Linking\include\jsoncpp\json.hpp(91,76): warning C4244: '=': conversion from 'double' to 'float', possible loss of data
D:\CGE\CSC8599\Project\CSC8599-Graphics\CSC8599\Linking\include\jsoncpp\json.hpp(196,1): warning C4244: '+=': conversion from 'const float' to 'int', possible loss of data
D:\CGE\CSC8599\Project\CSC8599-Graphics\CSC8599\Linking\include\jsoncpp\json.hpp(241,1): warning C4267: 'initializing': conversion from 'size_t' to 'unsigned int', possible loss of data
D:\CGE\CSC8599\Project\CSC8599-Graphics\CSC8599\Linking\include\jsoncpp\json.hpp(242,35): warning C4018: '<': signed/unsigned mismatch
D:\CGE\CSC8599\Project\CSC8599-Graphics\CSC8599\Linking\include\jsoncpp\json.hpp(259,1): warning C4267: 'return': conversion from 'size_t' to 'unsigned int', possible loss of data
D:\CGE\CSC8599\Project\CSC8599-Graphics\CSC8599\Linking\include\jsoncpp\json.hpp(300,25): warning C4244: 'return': conversion from 'float' to 'int', possible loss of data
D:\CGE\CSC8599\Project\CSC8599-Graphics\CSC8599\CSC8599\src\graphics\buffer\FrameBuffer.hpp(144,1): warning C4267: 'argument': conversion from 'size_t' to 'GLsizei', possible loss of data
D:\CGE\CSC8599\Project\CSC8599-Graphics\CSC8599\CSC8599\src\graphics\buffer\UniformBuffer.hpp(198,37): warning C4267: '=': conversion from 'size_t' to 'unsigned int', possible loss of data
D:\CGE\CSC8599\Project\CSC8599-Graphics\CSC8599\CSC8599\src\graphics\buffer\UniformBuffer.hpp(341,33): warning C4018: '>=': signed/unsigned mismatch
D:\CGE\CSC8599\Project\CSC8599-Graphics\CSC8599\CSC8599\src\graphics\buffer\UniformBuffer.hpp(400,31): warning C4018: '<': signed/unsigned mismatch
D:\CGE\CSC8599\Project\CSC8599-Graphics\CSC8599\CSC8599\src\graphics\Model.cpp(57,21): warning C4018: '<': signed/unsigned mismatch
D:\CGE\CSC8599\Project\CSC8599-Graphics\CSC8599\CSC8599\src\graphics\Model.cpp(86,2): warning C4267: 'initializing': conversion from 'size_t' to 'unsigned int', possible loss of data
D:\CGE\CSC8599\Project\CSC8599-Graphics\CSC8599\CSC8599\src\graphics\Model.cpp(105,2): warning C4267: 'initializing': conversion from 'size_t' to 'unsigned int', possible loss of data
D:\CGE\CSC8599\Project\CSC8599-Graphics\CSC8599\CSC8599\src\graphics\Model.cpp(172,2): warning C4267: 'initializing': conversion from 'size_t' to 'unsigned int', possible loss of data
D:\CGE\CSC8599\Project\CSC8599-Graphics\CSC8599\CSC8599\src\graphics\Model.cpp(217,20): warning C4018: '<': signed/unsigned mismatch
D:\CGE\CSC8599\Project\CSC8599-Graphics\CSC8599\CSC8599\src\graphics\Model.cpp(258,20): warning C4018: '<': signed/unsigned mismatch
D:\CGE\CSC8599\Project\CSC8599-Graphics\CSC8599\CSC8599\src\graphics\Model.cpp(341,20): warning C4018: '<': signed/unsigned mismatch
D:\CGE\CSC8599\Project\CSC8599-Graphics\CSC8599\CSC8599\src\graphics\Model.cpp(344,21): warning C4018: '<': signed/unsigned mismatch
  Generating Code...
  CSC8599.vcxproj -> D:\CGE\CSC8599\Project\CSC8599-Graphics\CSC8599\x64\Debug\CSC8599.exe
